[Mon Jan 19 02:52:26 PST 2026] Backup Script Started
[Mon Jan 19 02:53:06 PST 2026] Backup Finished Safely: /home/minecraft/BackupWorlds/bedrock_world_2026-01-19_02-52-26.tar.gz
[Mon Jan 19 02:53:06 PST 2026] Backup Script Started
[Mon Jan 19 02:53:43 PST 2026] Backup Finished Safely: /home/minecraft/BackupWorlds/bedrock_world_2026-01-19_02-53-06.tar.gz
[Mon Jan 19 02:54:47 PST 2026] Backup Script Started
[Mon Jan 19 02:55:25 PST 2026] Backup Finished Safely: /home/minecraft/BackupWorlds/bedrock_world_2026-01-19_02-54-47.tar.gz
[Mon Jan 19 02:56:47 PST 2026] Backup Script Started
[Mon Jan 19 02:57:24 PST 2026] Backup Finished Safely: /home/minecraft/BackupWorlds/bedrock_world_2026-01-19_02-56-47.tar.gz
[Mon Jan 19 03:00:27 PST 2026] Backup Script Started
[Mon Jan 19 03:01:05 PST 2026] Backup Finished Safely: /home/minecraft/BackupWorlds/bedrock_world_2026-01-19_03-00-27.tar.gz
[Mon Jan 19 03:01:05 PST 2026] Old backups deleted. Only the latest backup remains.
[Mon Jan 19 06:00:01 PST 2026] Backup Script Started
[Mon Jan 19 06:00:01 PST 2026] Backup Script Started
[Mon Jan 19 10:32:29 PST 2026] Backup Script Started
[Mon Jan 19 10:33:07 PST 2026] Backup Finished Safely: /home/minecraft/BackupWorlds/bedrock_world_2026-01-19_10-32-29.tar.gz
[Mon Jan 19 10:33:07 PST 2026] Old backups deleted. Only the latest backup remains.
[Mon Jan 19 10:34:04 PST 2026] Backup Script Started
[Mon Jan 19 10:34:42 PST 2026] Backup Finished Safely: /home/minecraft/BackupWorlds/bedrock_world_2026-01-19_10-34-04.tar.gz
[Mon Jan 19 10:34:42 PST 2026] Old backups deleted. Only the latest backup remains.
[Mon Jan 19 10:37:45 PST 2026] Backup Script Started
[Mon Jan 19 10:37:53 PST 2026] Backup Script Started
[Mon Jan 19 10:38:11 PST 2026] Backup Script Started
[Mon Jan 19 10:38:48 PST 2026] Backup Finished Safely: /home/minecraft/BackupWorlds/bedrock_world_2026-01-19_10-38-11.tar.gz
[Mon Jan 19 10:38:48 PST 2026] Old backups deleted. Only the latest backup remains.
[Mon Jan 19 10:40:42 PST 2026] Backup Script Started
[Mon Jan 19 10:41:27 PST 2026] Backup Finished Safely: /home/minecraft/BackupWorlds/bedrock_world_2026-01-19_10-40-42.tar.gz
[Mon Jan 19 10:41:27 PST 2026] Old backups deleted. Only the latest backup remains.
[Mon Jan 19 10:41:40 PST 2026] Backup Script Started
[Mon Jan 19 10:42:43 PST 2026] Backup Finished Safely: /home/minecraft/BackupWorlds/bedrock_world_2026-01-19_10-41-40.tar.gz
[Mon Jan 19 10:42:43 PST 2026] Old backups deleted. Only the latest backup remains.
[Mon Jan 19 21:08:32 PST 2026] Backup Script Started
[Mon Jan 19 21:09:13 PST 2026] Backup Finished Safely: /home/minecraft/BackupWorlds/bedrock_world_2026-01-19_21-08-32.tar.gz
[Mon Jan 19 21:09:13 PST 2026] Old backups deleted. Only the latest backup remains.
[Mon Jan 19 22:22:09 PST 2026] Backup Script Started
[Mon Jan 19 22:22:45 PST 2026] Backup Finished Safely: /home/minecraft/BackupWorlds/bedrock_world_2026-01-19_22-22-09.tar.gz
[Mon Jan 19 22:22:45 PST 2026] Old backups deleted. Only the latest backup remains.
[Tue Jan 20 06:00:01 PST 2026] Backup Script Started
[Tue Jan 20 06:00:01 PST 2026] Backup Script Started
[Tue Jan 20 06:00:39 PST 2026] Backup Finished Safely: /home/minecraft/BackupWorlds/bedrock_world_2026-01-20_06-00-01.tar.gz
[Tue Jan 20 06:00:39 PST 2026] Old backups deleted. Only the latest backup remains.
[Tue Jan 20 12:15:20 PST 2026] Backup Script Started
[Tue Jan 20 12:15:57 PST 2026] Backup Finished Safely: /home/minecraft/BackupWorlds/bedrock_world_2026-01-20_12-15-20.tar.gz
[Tue Jan 20 12:15:57 PST 2026] Old backups deleted. Only the latest backup remains.
[Tue Jan 20 13:56:55 PST 2026] Backup Script Started
[Tue Jan 20 14:17:02 PST 2026] Backup Script Started
[Tue Jan 20 14:17:39 PST 2026] Backup Finished Safely: /home/minecraft/BackupWorlds/bedrock_world_2026-01-20_14-17-02.tar.gz
[Tue Jan 20 14:17:39 PST 2026] Old backups deleted. Only the latest backup remains.
